[debug] [2017-06-07T20:51:45.324Z] ----------------------------------------------------------------------
[debug] [2017-06-07T20:51:45.327Z] Command:      C:\Program Files\nodejs\node.exe C:\Users\jullierme\AppData\Roaming\npm\node_modules\firebase-tools\bin\firebase deploy
[debug] [2017-06-07T20:51:45.327Z] CLI Version:  3.9.1
[debug] [2017-06-07T20:51:45.327Z] Platform:     win32
[debug] [2017-06-07T20:51:45.327Z] Node Version: v7.10.0
[debug] [2017-06-07T20:51:45.328Z] Time:         Wed Jun 07 2017 17:51:45 GMT-0300 (Hora oficial do Brasil)
[debug] [2017-06-07T20:51:45.328Z] ----------------------------------------------------------------------
[debug] 
[debug] [2017-06-07T20:51:45.339Z] > command requires scopes: ["email","openid","https://www.googleapis.com/auth/cloudplatformprojects.readonly","https://www.googleapis.com/auth/firebase","https://www.googleapis.com/auth/cloud-platform"]
[debug] [2017-06-07T20:51:45.339Z] > authorizing via signed-in user
[debug] [2017-06-07T20:51:45.341Z] > refreshing access token with scopes: ["email","https://www.googleapis.com/auth/cloud-platform","https://www.googleapis.com/auth/cloudplatformprojects.readonly","https://www.googleapis.com/auth/firebase","openid"]
[debug] [2017-06-07T20:51:45.341Z] >>> HTTP REQUEST POST https://www.googleapis.com/oauth2/v3/token { refresh_token: '1/CBEM2dPEc54XflJ3R7VgaczxsIFdv4veFZd1hyyXcNE',
  client_id: '563584335869-fgrhgmd47bqnekij5i8b5pr03ho849e6.apps.googleusercontent.com',
  client_secret: 'j9iVZfS8kkCEFUPaAeJV0sAi',
  grant_type: 'refresh_token',
  scope: 'email https://www.googleapis.com/auth/cloud-platform https://www.googleapis.com/auth/cloudplatformprojects.readonly https://www.googleapis.com/auth/firebase openid' } 
 Wed Jun 07 2017 17:51:45 GMT-0300 (Hora oficial do Brasil)
[debug] [2017-06-07T20:51:45.975Z] <<< HTTP RESPONSE 200
[debug] [2017-06-07T20:51:45.979Z] >>> HTTP REQUEST GET https://admin.firebase.com/v1/projects/vocabulary-8da4f  
 Wed Jun 07 2017 17:51:45 GMT-0300 (Hora oficial do Brasil)
[debug] [2017-06-07T20:51:59.812Z] <<< HTTP RESPONSE 500
[debug] [2017-06-07T20:51:59.813Z] <<< HTTP RESPONSE BODY
[info] 
[warn] !  Your CLI authentication needs to be updated to take advantage of new features.
[warn] !  Please run firebase login --reauth
[info] 
[debug] [2017-06-07T20:51:59.816Z] > command requires scopes: ["email","openid","https://www.googleapis.com/auth/cloudplatformprojects.readonly","https://www.googleapis.com/auth/firebase"]
[debug] [2017-06-07T20:51:59.816Z] > authorizing via signed-in user
[debug] [2017-06-07T20:51:59.816Z] > refreshing access token with scopes: ["email","https://www.googleapis.com/auth/cloudplatformprojects.readonly","https://www.googleapis.com/auth/firebase","openid"]
[debug] [2017-06-07T20:51:59.816Z] >>> HTTP REQUEST POST https://www.googleapis.com/oauth2/v3/token { refresh_token: '1/CBEM2dPEc54XflJ3R7VgaczxsIFdv4veFZd1hyyXcNE',
  client_id: '563584335869-fgrhgmd47bqnekij5i8b5pr03ho849e6.apps.googleusercontent.com',
  client_secret: 'j9iVZfS8kkCEFUPaAeJV0sAi',
  grant_type: 'refresh_token',
  scope: 'email https://www.googleapis.com/auth/cloudplatformprojects.readonly https://www.googleapis.com/auth/firebase openid' } 
 Wed Jun 07 2017 17:51:59 GMT-0300 (Hora oficial do Brasil)
[debug] [2017-06-07T20:52:00.382Z] <<< HTTP RESPONSE 200
[debug] [2017-06-07T20:52:00.386Z] >>> HTTP REQUEST GET https://admin.firebase.com/v1/projects/vocabulary-8da4f  
 Wed Jun 07 2017 17:52:00 GMT-0300 (Hora oficial do Brasil)
[debug] [2017-06-07T20:52:41.535Z] <<< HTTP RESPONSE 500
[debug] [2017-06-07T20:52:41.535Z] <<< HTTP RESPONSE BODY
[error] 
[error] Error: HTTP Error: 500, An unknown error occurred. Please contact support.
[debug] [2017-06-07T20:52:41.538Z] Error Context: {
  "body": {
    "error": {
      "code": "UNKNOWN_ERROR",
      "message": "An unknown error occurred. Please contact support."
    }
  },
  "response": {
    "statusCode": 500,
    "body": {
      "error": {
        "code": "UNKNOWN_ERROR",
        "message": "An unknown error occurred. Please contact support."
      }
    },
    "headers": {
      "server": "nginx",
      "date": "Wed, 07 Jun 2017 20:52:42 GMT",
      "content-type": "application/json; charset=utf-8",
      "content-length": "97",
      "connection": "close",
      "x-content-type-options": "nosniff"
    },
    "request": {
      "uri": {
        "protocol": "https:",
        "slashes": true,
        "auth": null,
        "host": "admin.firebase.com",
        "port": 443,
        "hostname": "admin.firebase.com",
        "hash": null,
        "search": null,
        "query": null,
        "pathname": "/v1/projects/vocabulary-8da4f",
        "path": "/v1/projects/vocabulary-8da4f",
        "href": "https://admin.firebase.com/v1/projects/vocabulary-8da4f"
      },
      "method": "GET"
    }
  }
}
